[INFO ] [2021-06-18 10:35:50,552] Register - Step 01: Open Home Page
[INFO ] [2021-06-18 10:35:56,336]  -------------------------- FAILED -------------------------- 
[INFO ] [2021-06-18 10:35:56,407]  -------------------------- FAILED -------------------------- 
[INFO ] [2021-06-18 10:35:56,467]  -------------------------- FAILED -------------------------- 
[INFO ] [2021-06-18 10:36:01,486]  -------------------------- PASSED -------------------------- 
[INFO ] [2021-06-18 10:36:01,579]  -------------------------- FAILED -------------------------- 
[INFO ] [2021-06-18 10:36:01,675]  -------------------------- FAILED -------------------------- 
[INFO ] [2021-06-18 10:36:11,808]  -------------------------- PASSED -------------------------- 
[INFO ] [2021-06-18 10:38:58,631] Register - Step 01: Open Home Page
[INFO ] [2021-06-18 10:39:03,957] Register - Step 10: Verify Registered Success Message
[INFO ] [2021-06-18 10:39:04,139]  -------------------------- FAILED -------------------------- 
[INFO ] [2021-06-18 10:39:04,141] Register - Step 11: Verify Registered Success Message
[INFO ] [2021-06-18 10:39:04,216]  -------------------------- FAILED -------------------------- 
[INFO ] [2021-06-18 10:39:04,216] Register - Step 12: Verify Registered Success Message
[INFO ] [2021-06-18 10:39:04,296]  -------------------------- FAILED -------------------------- 
[INFO ] [2021-06-18 10:39:08,381] Login - Step 5: Verify My Account Link Displayed
[INFO ] [2021-06-18 10:39:08,491]  -------------------------- PASSED -------------------------- 
[INFO ] [2021-06-18 10:39:08,491] Login - Step 6: Verify Logout Link Displayed
[INFO ] [2021-06-18 10:39:08,580]  -------------------------- FAILED -------------------------- 
[INFO ] [2021-06-18 10:39:08,581] Login - Step 7: Verify Logout Link Displayed
[INFO ] [2021-06-18 10:39:08,676]  -------------------------- FAILED -------------------------- 
[INFO ] [2021-06-18 10:39:08,677] Login - Step 8: Verify Register Link Undisplayed
[INFO ] [2021-06-18 10:39:18,940]  -------------------------- PASSED -------------------------- 
[INFO ] [2021-06-18 10:48:55,858] Register - Step 01: Open Home Page
[INFO ] [2021-06-18 10:49:02,335] Register - Step 10: Verify Registered Success Message
[INFO ] [2021-06-18 10:49:02,435]  -------------------------- FAILED -------------------------- 
[INFO ] [2021-06-18 10:49:02,437] Register - Step 11: Verify Registered Success Message
[INFO ] [2021-06-18 10:49:02,503]  -------------------------- FAILED -------------------------- 
[INFO ] [2021-06-18 10:49:02,504] Register - Step 12: Verify Registered Success Message
[INFO ] [2021-06-18 10:49:02,592]  -------------------------- FAILED -------------------------- 
[INFO ] [2021-06-18 10:49:07,381] Login - Step 5: Verify My Account Link Displayed
[INFO ] [2021-06-18 10:49:07,497]  -------------------------- PASSED -------------------------- 
[INFO ] [2021-06-18 10:49:07,497] Login - Step 6: Verify Logout Link Displayed
[INFO ] [2021-06-18 10:49:07,594]  -------------------------- FAILED -------------------------- 
[INFO ] [2021-06-18 10:49:07,594] Login - Step 7: Verify Logout Link Displayed
[INFO ] [2021-06-18 10:49:07,683]  -------------------------- FAILED -------------------------- 
[INFO ] [2021-06-18 10:49:07,683] Login - Step 8: Verify Register Link Undisplayed
[INFO ] [2021-06-18 10:49:17,812]  -------------------------- PASSED -------------------------- 
[INFO ] [2021-06-18 11:09:11,951] Register - Step 01: Open Home Page
[INFO ] [2021-06-18 11:09:21,966] Register - Step 10: Verify Registered Success Message
[INFO ] [2021-06-18 11:09:22,062]  -------------------------- FAILED -------------------------- 
[INFO ] [2021-06-18 11:09:22,064] Register - Step 11: Verify Registered Success Message
[INFO ] [2021-06-18 11:09:22,132]  -------------------------- FAILED -------------------------- 
[INFO ] [2021-06-18 11:09:22,132] Register - Step 12: Verify Registered Success Message
[INFO ] [2021-06-18 11:09:22,196]  -------------------------- FAILED -------------------------- 
[INFO ] [2021-06-18 11:09:28,351] Login - Step 5: Verify My Account Link Displayed
[INFO ] [2021-06-18 11:09:28,524]  -------------------------- PASSED -------------------------- 
[INFO ] [2021-06-18 11:09:28,525] Login - Step 6: Verify Logout Link Displayed
[INFO ] [2021-06-18 11:09:28,630]  -------------------------- FAILED -------------------------- 
[INFO ] [2021-06-18 11:09:28,631] Login - Step 7: Verify Logout Link Displayed
[INFO ] [2021-06-18 11:09:28,765]  -------------------------- FAILED -------------------------- 
[INFO ] [2021-06-18 11:09:28,765] Login - Step 8: Verify Register Link Undisplayed
[INFO ] [2021-06-18 11:09:38,900]  -------------------------- PASSED -------------------------- 
[INFO ] [2021-06-18 11:09:56,654] Register - Step 01: Open Home Page
[INFO ] [2021-06-18 11:12:12,186] Register - Step 01: Open Home Page
[INFO ] [2021-06-18 11:12:26,787] Register - Step 10: Verify Registered Success Message
[INFO ] [2021-06-18 11:12:27,508]  -------------------------- FAILED -------------------------- 
[INFO ] [2021-06-18 11:12:27,508] Register - Step 11: Verify Registered Success Message
[INFO ] [2021-06-18 11:12:27,760]  -------------------------- FAILED -------------------------- 
[INFO ] [2021-06-18 11:12:27,761] Register - Step 12: Verify Registered Success Message
[INFO ] [2021-06-18 11:12:27,980]  -------------------------- FAILED -------------------------- 
[INFO ] [2021-06-18 11:12:38,351] Login - Step 5: Verify My Account Link Displayed
[INFO ] [2021-06-18 11:12:39,132]  -------------------------- PASSED -------------------------- 
[INFO ] [2021-06-18 11:12:39,132] Login - Step 6: Verify Logout Link Displayed
[INFO ] [2021-06-18 11:12:39,415]  -------------------------- FAILED -------------------------- 
[INFO ] [2021-06-18 11:12:39,425] Login - Step 7: Verify Logout Link Displayed
[INFO ] [2021-06-18 11:12:39,735]  -------------------------- FAILED -------------------------- 
[INFO ] [2021-06-18 11:12:39,735] Login - Step 8: Verify Register Link Undisplayed
[INFO ] [2021-06-18 11:12:50,023]  -------------------------- PASSED -------------------------- 
[INFO ] [2021-06-18 16:12:16,109] Register - Step 01: Open Home Page
[INFO ] [2021-06-18 16:12:27,205] Register - Step 10: Verify Registered Success Message
[INFO ] [2021-06-18 16:12:27,515]  -------------------------- FAILED -------------------------- 
[INFO ] [2021-06-18 16:12:27,520] Register - Step 11: Verify Registered Success Message
[INFO ] [2021-06-18 16:12:27,737]  -------------------------- FAILED -------------------------- 
[INFO ] [2021-06-18 16:12:27,737] Register - Step 12: Verify Registered Success Message
[INFO ] [2021-06-18 16:12:27,910]  -------------------------- FAILED -------------------------- 
[INFO ] [2021-06-18 16:12:38,301] Login - Step 5: Verify My Account Link Displayed
[INFO ] [2021-06-18 16:12:38,731]  -------------------------- PASSED -------------------------- 
[INFO ] [2021-06-18 16:12:38,731] Login - Step 6: Verify Logout Link Displayed
[INFO ] [2021-06-18 16:12:39,097]  -------------------------- FAILED -------------------------- 
[INFO ] [2021-06-18 16:12:39,097] Login - Step 7: Verify Logout Link Displayed
[INFO ] [2021-06-18 16:12:39,312]  -------------------------- FAILED -------------------------- 
[INFO ] [2021-06-18 16:12:39,313] Login - Step 8: Verify Register Link Undisplayed
[INFO ] [2021-06-18 16:12:49,480]  -------------------------- PASSED -------------------------- 
[INFO ] [2021-06-18 16:55:02,706] Register - Step 01: Open Home Page
[INFO ] [2021-06-18 16:55:21,484] Register - Step 10: Verify Registered Success Message
[INFO ] [2021-06-18 16:55:21,725]  -------------------------- FAILED -------------------------- 
[INFO ] [2021-06-18 16:55:21,750] Register - Step 11: Verify Registered Success Message
[INFO ] [2021-06-18 16:55:23,075]  -------------------------- FAILED -------------------------- 
[INFO ] [2021-06-18 16:55:23,076] Register - Step 12: Verify Registered Success Message
[INFO ] [2021-06-18 16:55:23,465]  -------------------------- FAILED -------------------------- 
[INFO ] [2021-06-18 16:55:41,074] Login - Step 5: Verify My Account Link Displayed
[INFO ] [2021-06-18 16:55:41,866]  -------------------------- PASSED -------------------------- 
[INFO ] [2021-06-18 16:55:41,866] Login - Step 6: Verify Logout Link Displayed
[INFO ] [2021-06-18 16:55:42,464]  -------------------------- FAILED -------------------------- 
[INFO ] [2021-06-18 16:55:42,464] Login - Step 7: Verify Logout Link Displayed
[INFO ] [2021-06-18 16:55:42,864]  -------------------------- FAILED -------------------------- 
[INFO ] [2021-06-18 16:55:42,864] Login - Step 8: Verify Register Link Undisplayed
[INFO ] [2021-06-18 16:55:53,593]  -------------------------- PASSED -------------------------- 
[INFO ] [2021-06-21 20:16:34,807] Register - Step 01: Open Home Page
[INFO ] [2021-06-21 20:16:41,080] Register - Step 10: Verify Registered Success Message
[INFO ] [2021-06-21 20:16:41,170]  -------------------------- FAILED -------------------------- 
[INFO ] [2021-06-21 20:16:41,172] Register - Step 11: Verify Registered Success Message
[INFO ] [2021-06-21 20:16:41,251]  -------------------------- FAILED -------------------------- 
[INFO ] [2021-06-21 20:16:41,251] Register - Step 12: Verify Registered Success Message
[INFO ] [2021-06-21 20:16:41,324]  -------------------------- FAILED -------------------------- 
[INFO ] [2021-06-21 20:29:21,128] Register - Step 01: Open Home Page
[INFO ] [2021-06-21 20:29:27,070] Register - Step 10: Verify Registered Success Message
[INFO ] [2021-06-21 20:29:27,158]  -------------------------- FAILED -------------------------- 
[INFO ] [2021-06-21 20:29:27,160] Register - Step 11: Verify Registered Success Message
[INFO ] [2021-06-21 20:29:27,227]  -------------------------- FAILED -------------------------- 
[INFO ] [2021-06-21 20:29:27,227] Register - Step 12: Verify Registered Success Message
[INFO ] [2021-06-21 20:29:27,292]  -------------------------- FAILED -------------------------- 
[INFO ] [2021-06-21 20:52:08,530] Register - Step 01: Open Home Page
[INFO ] [2021-06-21 20:52:08,534] Register - Step 02: Click To Regiser Link
[INFO ] [2021-06-21 20:52:10,267] Register - Step 03: Click To Regiser Link
[INFO ] [2021-06-21 21:01:55,102] Register - Step 01: Open Home Page
[INFO ] [2021-06-21 21:01:55,106] Register - Step 02: Click To Regiser Link
[INFO ] [2021-06-21 21:01:56,934] Register - Step 03: Click To Regiser Link
[INFO ] [2021-06-21 21:01:57,328] Register - Step 04: Verify Error Message (First name is required.)
[INFO ] [2021-06-21 21:01:57,430]  -------------------------- PASSED -------------------------- 
[INFO ] [2021-06-21 21:04:57,486] Register - Step 01: Open Home Page
[INFO ] [2021-06-21 21:04:57,490] Register - Step 02: Click To Regiser Link
[INFO ] [2021-06-21 21:04:59,183] Register - Step 03: Click To Regiser Link
[INFO ] [2021-06-21 21:04:59,546] Register - Step 04: Verify Error Message (First name is required.)
[INFO ] [2021-06-21 21:04:59,645]  -------------------------- PASSED -------------------------- 
[INFO ] [2021-06-21 21:04:59,645] Register - Step 05: Verify Error Message (Last name is required.)
[INFO ] [2021-06-21 21:04:59,743]  -------------------------- PASSED -------------------------- 
[INFO ] [2021-06-21 21:07:38,935] Register - Step 01: Open Home Page
[INFO ] [2021-06-21 21:07:38,937] Register - Step 02: Click To Regiser Link
[INFO ] [2021-06-21 21:07:40,870] Register - Step 03: Click To Regiser Link
[INFO ] [2021-06-21 21:07:41,236] Register - Step 04: Verify Error Message (First name is required.)
[INFO ] [2021-06-21 21:07:41,331]  -------------------------- PASSED -------------------------- 
[INFO ] [2021-06-21 21:07:41,332] Register - Step 05: Verify Error Message (Last name is required.)
[INFO ] [2021-06-21 21:07:41,415]  -------------------------- PASSED -------------------------- 
[INFO ] [2021-06-21 21:07:41,416] Register - Step 06: Verify Error Message (Password is required.)
[INFO ] [2021-06-21 21:07:41,481]  -------------------------- PASSED -------------------------- 
